0 info it worked if it ends with ok
1 verbose cli [ '/usr/local/bin/node',
1 verbose cli   '/usr/local/bin/npm',
1 verbose cli   'install',
1 verbose cli   '--save-dev',
1 verbose cli   'gulp-sourcemaps' ]
2 info using npm@2.14.3
3 info using node@v4.0.0
4 verbose install initial load of /Users/clarkhinchcliff/Desktop/projects/freeCodeCamp/gulper/package.json
5 warn package.json gulper@1.0.0 No description
6 warn package.json gulper@1.0.0 No repository field.
7 warn package.json gulper@1.0.0 No README data
8 verbose installManyTop reading scoped package data from /Users/clarkhinchcliff/Desktop/projects/freeCodeCamp/gulper/node_modules/gulp/package.json
9 verbose installManyTop reading scoped package data from /Users/clarkhinchcliff/Desktop/projects/freeCodeCamp/gulper/node_modules/gulp-jshint/package.json
10 verbose installManyTop reading scoped package data from /Users/clarkhinchcliff/Desktop/projects/freeCodeCamp/gulper/node_modules/gulp-sass/package.json
11 verbose installManyTop reading scoped package data from /Users/clarkhinchcliff/Desktop/projects/freeCodeCamp/gulper/node_modules/gulp-util/package.json
12 verbose installManyTop reading scoped package data from /Users/clarkhinchcliff/Desktop/projects/freeCodeCamp/gulper/node_modules/jshint-stylish/package.json
13 verbose installManyTop reading scoped package data from /Users/clarkhinchcliff/Desktop/projects/freeCodeCamp/gulper/node_modules/node-sass/package.json
14 verbose readDependencies loading dependencies from /Users/clarkhinchcliff/Desktop/projects/freeCodeCamp/gulper/package.json
15 silly cache add args [ 'gulp-sourcemaps', null ]
16 verbose cache add spec gulp-sourcemaps
17 silly cache add parsed spec Result {
17 silly cache add   raw: 'gulp-sourcemaps',
17 silly cache add   scope: null,
17 silly cache add   name: 'gulp-sourcemaps',
17 silly cache add   rawSpec: '',
17 silly cache add   spec: '*',
17 silly cache add   type: 'range' }
18 silly addNamed gulp-sourcemaps@*
19 verbose addNamed "*" is a valid semver range for gulp-sourcemaps
20 silly addNameRange { name: 'gulp-sourcemaps', range: '*', hasData: false }
21 silly mapToRegistry name gulp-sourcemaps
22 silly mapToRegistry using default registry
23 silly mapToRegistry registry https://registry.npmjs.org/
24 silly mapToRegistry uri https://registry.npmjs.org/gulp-sourcemaps
25 verbose addNameRange registry:https://registry.npmjs.org/gulp-sourcemaps not in flight; fetching
26 verbose request uri https://registry.npmjs.org/gulp-sourcemaps
27 verbose request no auth needed
28 info attempt registry request try #1 at 4:44:28 PM
29 verbose request id 74201c3dce8ac5f6
30 http request GET https://registry.npmjs.org/gulp-sourcemaps
31 http 200 https://registry.npmjs.org/gulp-sourcemaps
32 silly get cb [ 200,
32 silly get   { server: 'CouchDB/1.5.0 (Erlang OTP/R16B03)',
32 silly get     etag: '"7Q304U70B36G46LMZ0JMM68DX"',
32 silly get     'content-type': 'application/json',
32 silly get     'cache-control': 'max-age=60',
32 silly get     'content-length': '57732',
32 silly get     'accept-ranges': 'bytes',
32 silly get     date: 'Thu, 08 Oct 2015 23:44:28 GMT',
32 silly get     via: '1.1 varnish',
32 silly get     age: '11',
32 silly get     connection: 'keep-alive',
32 silly get     'x-served-by': 'cache-sjc3129-SJC',
32 silly get     'x-cache': 'HIT',
32 silly get     'x-cache-hits': '2',
32 silly get     'x-timer': 'S1444347868.387588,VS0,VE0',
32 silly get     vary: 'Accept' } ]
33 verbose get saving gulp-sourcemaps to /Users/clarkhinchcliff/.npm/registry.npmjs.org/gulp-sourcemaps/.cache.json
34 silly addNameRange number 2 { name: 'gulp-sourcemaps', range: '*', hasData: true }
35 silly addNameRange versions [ 'gulp-sourcemaps',
35 silly addNameRange   [ '0.2.0',
35 silly addNameRange     '0.2.1',
35 silly addNameRange     '0.3.0',
35 silly addNameRange     '0.3.1',
35 silly addNameRange     '0.4.0',
35 silly addNameRange     '0.4.1',
35 silly addNameRange     '0.4.2',
35 silly addNameRange     '0.4.3',
35 silly addNameRange     '0.4.4',
35 silly addNameRange     '0.4.5',
35 silly addNameRange     '0.4.6',
35 silly addNameRange     '1.0.0',
35 silly addNameRange     '1.1.0',
35 silly addNameRange     '1.1.1',
35 silly addNameRange     '1.1.2',
35 silly addNameRange     '1.1.3',
35 silly addNameRange     '1.1.4',
35 silly addNameRange     '1.1.5',
35 silly addNameRange     '1.2.0',
35 silly addNameRange     '1.2.1',
35 silly addNameRange     '1.2.2',
35 silly addNameRange     '1.2.3',
35 silly addNameRange     '1.2.4',
35 silly addNameRange     '1.2.5',
35 silly addNameRange     '1.2.6',
35 silly addNameRange     '1.2.7',
35 silly addNameRange     '1.2.8',
35 silly addNameRange     '1.3.0',
35 silly addNameRange     '1.4.0',
35 silly addNameRange     '1.5.0',
35 silly addNameRange     '1.5.1',
35 silly addNameRange     '1.5.2',
35 silly addNameRange     '1.6.0' ] ]
36 silly addNamed gulp-sourcemaps@1.6.0
37 verbose addNamed "1.6.0" is a plain semver version for gulp-sourcemaps
38 silly mapToRegistry name gulp-sourcemaps
39 silly mapToRegistry using default registry
40 silly mapToRegistry registry https://registry.npmjs.org/
41 silly mapToRegistry uri https://registry.npmjs.org/gulp-sourcemaps
42 verbose addRemoteTarball https://registry.npmjs.org/gulp-sourcemaps/-/gulp-sourcemaps-1.6.0.tgz not in flight; adding
43 verbose addRemoteTarball [ 'https://registry.npmjs.org/gulp-sourcemaps/-/gulp-sourcemaps-1.6.0.tgz',
43 verbose addRemoteTarball   'b86ff349d801ceb56e1d9e7dc7bbcb4b7dee600c' ]
44 info retry fetch attempt 1 at 4:44:28 PM
45 info attempt registry request try #1 at 4:44:28 PM
46 http fetch GET https://registry.npmjs.org/gulp-sourcemaps/-/gulp-sourcemaps-1.6.0.tgz
47 http fetch 200 https://registry.npmjs.org/gulp-sourcemaps/-/gulp-sourcemaps-1.6.0.tgz
48 silly fetchAndShaCheck shasum b86ff349d801ceb56e1d9e7dc7bbcb4b7dee600c
49 verbose addTmpTarball /var/folders/tm/mrc0s7pn0rn6j5mn21shn44w0000gn/T/npm-74948-41974c5b/registry.npmjs.org/gulp-sourcemaps/-/gulp-sourcemaps-1.6.0.tgz not in flight; adding
50 verbose addTmpTarball already have metadata; skipping unpack for gulp-sourcemaps@1.6.0
51 silly cache afterAdd gulp-sourcemaps@1.6.0
52 verbose afterAdd /Users/clarkhinchcliff/.npm/gulp-sourcemaps/1.6.0/package/package.json not in flight; writing
53 verbose afterAdd /Users/clarkhinchcliff/.npm/gulp-sourcemaps/1.6.0/package/package.json written
54 silly install resolved [ { name: 'gulp-sourcemaps',
54 silly install resolved     version: '1.6.0',
54 silly install resolved     description: 'Source map support for Gulp.js',
54 silly install resolved     homepage: 'http://github.com/floridoo/gulp-sourcemaps',
54 silly install resolved     repository:
54 silly install resolved      { type: 'git',
54 silly install resolved        url: 'git://github.com/floridoo/gulp-sourcemaps.git' },
54 silly install resolved     main: 'index.js',
54 silly install resolved     scripts:
54 silly install resolved      { test: 'jshint *.js test/*.js && faucet test/*.js',
54 silly install resolved        tap: 'tape test/*.js',
54 silly install resolved        cover: 'istanbul cover --dir reports/coverage tape "test/*.js"',
54 silly install resolved        coveralls: 'istanbul cover tape "test/*.js" --report lcovonly && cat ./coverage/lcov.info | coveralls && rm -rf ./coverage' },
54 silly install resolved     keywords: [ 'gulpplugin', 'gulp', 'source maps', 'sourcemaps' ],
54 silly install resolved     author: { name: 'Florian Reiterer', email: 'me@florianreiterer.com' },
54 silly install resolved     license: 'ISC',
54 silly install resolved     dependencies:
54 silly install resolved      { 'convert-source-map': '^1.1.1',
54 silly install resolved        'graceful-fs': '^4.1.2',
54 silly install resolved        'strip-bom': '^2.0.0',
54 silly install resolved        through2: '^2.0.0',
54 silly install resolved        vinyl: '^1.0.0' },
54 silly install resolved     devDependencies:
54 silly install resolved      { jshint: '^2.8.0',
54 silly install resolved        tape: '^4.2.0',
54 silly install resolved        istanbul: '^0.3.21',
54 silly install resolved        faucet: '0.0.1',
54 silly install resolved        coveralls: '^2.11.4' },
54 silly install resolved     files: [ 'index.js', 'package.json', 'README.md', 'LICENSE.md' ],
54 silly install resolved     gitHead: 'cddce0d57e462b89b7d7f7c1d1864ad2784d17ef',
54 silly install resolved     bugs: { url: 'https://github.com/floridoo/gulp-sourcemaps/issues' },
54 silly install resolved     _id: 'gulp-sourcemaps@1.6.0',
54 silly install resolved     _shasum: 'b86ff349d801ceb56e1d9e7dc7bbcb4b7dee600c',
54 silly install resolved     _from: 'gulp-sourcemaps@*',
54 silly install resolved     _npmVersion: '3.3.4',
54 silly install resolved     _nodeVersion: '4.1.1',
54 silly install resolved     _npmUser: { name: 'floridoo', email: 'florian.reiterer@gmail.com' },
54 silly install resolved     maintainers: [ [Object] ],
54 silly install resolved     dist:
54 silly install resolved      { shasum: 'b86ff349d801ceb56e1d9e7dc7bbcb4b7dee600c',
54 silly install resolved        tarball: 'http://registry.npmjs.org/gulp-sourcemaps/-/gulp-sourcemaps-1.6.0.tgz' },
54 silly install resolved     directories: {},
54 silly install resolved     _resolved: 'https://registry.npmjs.org/gulp-sourcemaps/-/gulp-sourcemaps-1.6.0.tgz' } ]
55 info install gulp-sourcemaps@1.6.0 into /Users/clarkhinchcliff/Desktop/projects/freeCodeCamp/gulper
56 info installOne gulp-sourcemaps@1.6.0
57 verbose installOne of gulp-sourcemaps to /Users/clarkhinchcliff/Desktop/projects/freeCodeCamp/gulper not in flight; installing
58 verbose lock using /Users/clarkhinchcliff/.npm/_locks/gulp-sourcemaps-19d0f85ec6370853.lock for /Users/clarkhinchcliff/Desktop/projects/freeCodeCamp/gulper/node_modules/gulp-sourcemaps
59 silly install write writing gulp-sourcemaps 1.6.0 to /Users/clarkhinchcliff/Desktop/projects/freeCodeCamp/gulper/node_modules/gulp-sourcemaps
60 verbose unbuild node_modules/gulp-sourcemaps
61 silly gentlyRm /Users/clarkhinchcliff/Desktop/projects/freeCodeCamp/gulper/node_modules/gulp-sourcemaps is being purged from base /Users/clarkhinchcliff/Desktop/projects/freeCodeCamp/gulper
62 verbose gentlyRm don't care about contents; nuking /Users/clarkhinchcliff/Desktop/projects/freeCodeCamp/gulper/node_modules/gulp-sourcemaps
63 verbose tar unpack /Users/clarkhinchcliff/.npm/gulp-sourcemaps/1.6.0/package.tgz
64 verbose tar unpacking to /Users/clarkhinchcliff/Desktop/projects/freeCodeCamp/gulper/node_modules/gulp-sourcemaps
65 silly gentlyRm /Users/clarkhinchcliff/Desktop/projects/freeCodeCamp/gulper/node_modules/gulp-sourcemaps is being purged
66 verbose gentlyRm don't care about contents; nuking /Users/clarkhinchcliff/Desktop/projects/freeCodeCamp/gulper/node_modules/gulp-sourcemaps
67 silly gunzTarPerm modes [ '755', '644' ]
68 silly gunzTarPerm extractEntry package.json
69 silly gunzTarPerm extractEntry README.md
70 silly gunzTarPerm extractEntry index.js
71 silly gunzTarPerm extractEntry LICENSE.md
72 verbose write writing to /Users/clarkhinchcliff/Desktop/projects/freeCodeCamp/gulper/node_modules/gulp-sourcemaps/package.json
73 info preinstall gulp-sourcemaps@1.6.0
74 verbose readDependencies loading dependencies from /Users/clarkhinchcliff/Desktop/projects/freeCodeCamp/gulper/node_modules/gulp-sourcemaps/package.json
75 silly prepareForInstallMany adding convert-source-map@^1.1.1 from gulp-sourcemaps dependencies
76 silly prepareForInstallMany adding graceful-fs@^4.1.2 from gulp-sourcemaps dependencies
77 silly prepareForInstallMany adding strip-bom@^2.0.0 from gulp-sourcemaps dependencies
78 silly prepareForInstallMany adding through2@^2.0.0 from gulp-sourcemaps dependencies
79 silly prepareForInstallMany adding vinyl@^1.0.0 from gulp-sourcemaps dependencies
80 verbose readDependencies loading dependencies from /Users/clarkhinchcliff/Desktop/projects/freeCodeCamp/gulper/node_modules/gulp-sourcemaps/package.json
81 silly cache add args [ 'convert-source-map@^1.1.1', null ]
82 verbose cache add spec convert-source-map@^1.1.1
83 silly cache add args [ 'graceful-fs@^4.1.2', null ]
84 verbose cache add spec graceful-fs@^4.1.2
85 silly cache add parsed spec Result {
85 silly cache add   raw: 'convert-source-map@^1.1.1',
85 silly cache add   scope: null,
85 silly cache add   name: 'convert-source-map',
85 silly cache add   rawSpec: '^1.1.1',
85 silly cache add   spec: '>=1.1.1 <2.0.0',
85 silly cache add   type: 'range' }
86 silly addNamed convert-source-map@>=1.1.1 <2.0.0
87 verbose addNamed ">=1.1.1 <2.0.0" is a valid semver range for convert-source-map
88 silly addNameRange { name: 'convert-source-map',
88 silly addNameRange   range: '>=1.1.1 <2.0.0',
88 silly addNameRange   hasData: false }
89 silly mapToRegistry name convert-source-map
90 silly mapToRegistry using default registry
91 silly mapToRegistry registry https://registry.npmjs.org/
92 silly mapToRegistry uri https://registry.npmjs.org/convert-source-map
93 verbose addNameRange registry:https://registry.npmjs.org/convert-source-map not in flight; fetching
94 silly cache add parsed spec Result {
94 silly cache add   raw: 'graceful-fs@^4.1.2',
94 silly cache add   scope: null,
94 silly cache add   name: 'graceful-fs',
94 silly cache add   rawSpec: '^4.1.2',
94 silly cache add   spec: '>=4.1.2 <5.0.0',
94 silly cache add   type: 'range' }
95 silly addNamed graceful-fs@>=4.1.2 <5.0.0
96 verbose addNamed ">=4.1.2 <5.0.0" is a valid semver range for graceful-fs
97 silly addNameRange { name: 'graceful-fs', range: '>=4.1.2 <5.0.0', hasData: false }
98 silly mapToRegistry name graceful-fs
99 silly mapToRegistry using default registry
100 silly mapToRegistry registry https://registry.npmjs.org/
101 silly mapToRegistry uri https://registry.npmjs.org/graceful-fs
102 verbose addNameRange registry:https://registry.npmjs.org/graceful-fs not in flight; fetching
103 silly cache add args [ 'strip-bom@^2.0.0', null ]
104 verbose cache add spec strip-bom@^2.0.0
105 silly cache add parsed spec Result {
105 silly cache add   raw: 'strip-bom@^2.0.0',
105 silly cache add   scope: null,
105 silly cache add   name: 'strip-bom',
105 silly cache add   rawSpec: '^2.0.0',
105 silly cache add   spec: '>=2.0.0 <3.0.0',
105 silly cache add   type: 'range' }
106 silly addNamed strip-bom@>=2.0.0 <3.0.0
107 verbose addNamed ">=2.0.0 <3.0.0" is a valid semver range for strip-bom
108 silly addNameRange { name: 'strip-bom', range: '>=2.0.0 <3.0.0', hasData: false }
109 silly mapToRegistry name strip-bom
110 silly mapToRegistry using default registry
111 silly mapToRegistry registry https://registry.npmjs.org/
112 silly mapToRegistry uri https://registry.npmjs.org/strip-bom
113 verbose addNameRange registry:https://registry.npmjs.org/strip-bom not in flight; fetching
114 silly cache add args [ 'through2@^2.0.0', null ]
115 verbose cache add spec through2@^2.0.0
116 silly cache add parsed spec Result {
116 silly cache add   raw: 'through2@^2.0.0',
116 silly cache add   scope: null,
116 silly cache add   name: 'through2',
116 silly cache add   rawSpec: '^2.0.0',
116 silly cache add   spec: '>=2.0.0 <3.0.0',
116 silly cache add   type: 'range' }
117 silly addNamed through2@>=2.0.0 <3.0.0
118 verbose addNamed ">=2.0.0 <3.0.0" is a valid semver range for through2
119 silly addNameRange { name: 'through2', range: '>=2.0.0 <3.0.0', hasData: false }
120 silly mapToRegistry name through2
121 silly mapToRegistry using default registry
122 silly mapToRegistry registry https://registry.npmjs.org/
123 silly mapToRegistry uri https://registry.npmjs.org/through2
124 verbose addNameRange registry:https://registry.npmjs.org/through2 not in flight; fetching
125 silly cache add args [ 'vinyl@^1.0.0', null ]
126 verbose cache add spec vinyl@^1.0.0
127 silly cache add parsed spec Result {
127 silly cache add   raw: 'vinyl@^1.0.0',
127 silly cache add   scope: null,
127 silly cache add   name: 'vinyl',
127 silly cache add   rawSpec: '^1.0.0',
127 silly cache add   spec: '>=1.0.0 <2.0.0',
127 silly cache add   type: 'range' }
128 silly addNamed vinyl@>=1.0.0 <2.0.0
129 verbose addNamed ">=1.0.0 <2.0.0" is a valid semver range for vinyl
130 silly addNameRange { name: 'vinyl', range: '>=1.0.0 <2.0.0', hasData: false }
131 silly mapToRegistry name vinyl
132 silly mapToRegistry using default registry
133 silly mapToRegistry registry https://registry.npmjs.org/
134 silly mapToRegistry uri https://registry.npmjs.org/vinyl
135 verbose addNameRange registry:https://registry.npmjs.org/vinyl not in flight; fetching
136 verbose request uri https://registry.npmjs.org/convert-source-map
137 verbose request no auth needed
138 info attempt registry request try #1 at 4:44:28 PM
139 http request GET https://registry.npmjs.org/convert-source-map
140 verbose request uri https://registry.npmjs.org/strip-bom
141 verbose request no auth needed
142 info attempt registry request try #1 at 4:44:28 PM
143 verbose etag "F0FYNLQQOUT576DDIYMHFZRZ4"
144 http request GET https://registry.npmjs.org/strip-bom
145 verbose request uri https://registry.npmjs.org/graceful-fs
146 verbose request no auth needed
147 info attempt registry request try #1 at 4:44:28 PM
148 verbose etag "6A8OIHSAUDCCUMW7MWX3L6A9C"
149 http request GET https://registry.npmjs.org/graceful-fs
150 verbose request uri https://registry.npmjs.org/through2
151 verbose request no auth needed
152 info attempt registry request try #1 at 4:44:29 PM
153 verbose etag "2PS7RQF2YLFWDXKPNYD1R4F4Q"
154 http request GET https://registry.npmjs.org/through2
155 verbose request uri https://registry.npmjs.org/vinyl
156 verbose request no auth needed
157 info attempt registry request try #1 at 4:44:29 PM
158 verbose etag "7K94C6LKVD4L1GWTU6RKNY2MT"
159 http request GET https://registry.npmjs.org/vinyl
160 http 304 https://registry.npmjs.org/strip-bom
161 silly get cb [ 304,
161 silly get   { date: 'Thu, 08 Oct 2015 23:44:28 GMT',
161 silly get     via: '1.1 varnish',
161 silly get     'cache-control': 'max-age=60',
161 silly get     etag: '"F0FYNLQQOUT576DDIYMHFZRZ4"',
161 silly get     age: '39',
161 silly get     connection: 'keep-alive',
161 silly get     'x-served-by': 'cache-sjc3125-SJC',
161 silly get     'x-cache': 'HIT',
161 silly get     'x-cache-hits': '99',
161 silly get     'x-timer': 'S1444347868.968435,VS0,VE0',
161 silly get     vary: 'Accept' } ]
162 verbose etag https://registry.npmjs.org/strip-bom from cache
163 verbose get saving strip-bom to /Users/clarkhinchcliff/.npm/registry.npmjs.org/strip-bom/.cache.json
164 silly addNameRange number 2 { name: 'strip-bom', range: '>=2.0.0 <3.0.0', hasData: true }
165 silly addNameRange versions [ 'strip-bom',
165 silly addNameRange   [ '0.1.0', '0.2.0', '0.2.1', '0.3.0', '0.3.1', '1.0.0', '2.0.0' ] ]
166 silly addNamed strip-bom@2.0.0
167 verbose addNamed "2.0.0" is a plain semver version for strip-bom
168 http 304 https://registry.npmjs.org/through2
169 silly get cb [ 304,
169 silly get   { date: 'Thu, 08 Oct 2015 23:44:28 GMT',
169 silly get     via: '1.1 varnish',
169 silly get     'cache-control': 'max-age=60',
169 silly get     etag: '"2PS7RQF2YLFWDXKPNYD1R4F4Q"',
169 silly get     age: '15',
169 silly get     connection: 'keep-alive',
169 silly get     'x-served-by': 'cache-sjc3125-SJC',
169 silly get     'x-cache': 'HIT',
169 silly get     'x-cache-hits': '2',
169 silly get     'x-timer': 'S1444347868.991335,VS0,VE0',
169 silly get     vary: 'Accept' } ]
170 verbose etag https://registry.npmjs.org/through2 from cache
171 verbose get saving through2 to /Users/clarkhinchcliff/.npm/registry.npmjs.org/through2/.cache.json
172 silly cache afterAdd strip-bom@2.0.0
173 verbose afterAdd /Users/clarkhinchcliff/.npm/strip-bom/2.0.0/package/package.json not in flight; writing
174 http 200 https://registry.npmjs.org/convert-source-map
175 silly get cb [ 200,
175 silly get   { server: 'CouchDB/1.5.0 (Erlang OTP/R16B03)',
175 silly get     etag: '"7GYTISJC08Z1TIQK4ZCCCF67D"',
175 silly get     'content-type': 'application/json',
175 silly get     'cache-control': 'max-age=60',
175 silly get     'content-length': '31962',
175 silly get     'accept-ranges': 'bytes',
175 silly get     date: 'Thu, 08 Oct 2015 23:44:28 GMT',
175 silly get     via: '1.1 varnish',
175 silly get     age: '30',
175 silly get     connection: 'keep-alive',
175 silly get     'x-served-by': 'cache-sjc3131-SJC',
175 silly get     'x-cache': 'HIT',
175 silly get     'x-cache-hits': '2',
175 silly get     'x-timer': 'S1444347868.965548,VS0,VE0',
175 silly get     vary: 'Accept' } ]
176 verbose get saving convert-source-map to /Users/clarkhinchcliff/.npm/registry.npmjs.org/convert-source-map/.cache.json
177 http 304 https://registry.npmjs.org/vinyl
178 silly get cb [ 304,
178 silly get   { date: 'Thu, 08 Oct 2015 23:44:28 GMT',
178 silly get     via: '1.1 varnish',
178 silly get     'cache-control': 'max-age=60',
178 silly get     etag: '"7K94C6LKVD4L1GWTU6RKNY2MT"',
178 silly get     age: '53',
178 silly get     connection: 'keep-alive',
178 silly get     'x-served-by': 'cache-sjc3121-SJC',
178 silly get     'x-cache': 'HIT',
178 silly get     'x-cache-hits': '9',
178 silly get     'x-timer': 'S1444347868.998619,VS0,VE0',
178 silly get     vary: 'Accept' } ]
179 verbose etag https://registry.npmjs.org/vinyl from cache
180 verbose get saving vinyl to /Users/clarkhinchcliff/.npm/registry.npmjs.org/vinyl/.cache.json
181 verbose afterAdd /Users/clarkhinchcliff/.npm/strip-bom/2.0.0/package/package.json written
182 silly addNameRange number 2 { name: 'through2', range: '>=2.0.0 <3.0.0', hasData: true }
183 silly addNameRange versions [ 'through2',
183 silly addNameRange   [ '0.0.0',
183 silly addNameRange     '0.0.1',
183 silly addNameRange     '0.0.2',
183 silly addNameRange     '0.0.3',
183 silly addNameRange     '0.0.4',
183 silly addNameRange     '0.0.5',
183 silly addNameRange     '0.1.0',
183 silly addNameRange     '0.2.0',
183 silly addNameRange     '0.2.1',
183 silly addNameRange     '0.2.2',
183 silly addNameRange     '0.2.3',
183 silly addNameRange     '0.3.0',
183 silly addNameRange     '0.4.0',
183 silly addNameRange     '0.4.1',
183 silly addNameRange     '1.0.0',
183 silly addNameRange     '0.4.2',
183 silly addNameRange     '0.5.0',
183 silly addNameRange     '0.5.1',
183 silly addNameRange     '0.6.0',
183 silly addNameRange     '1.1.0',
183 silly addNameRange     '0.6.1',
183 silly addNameRange     '1.1.1',
183 silly addNameRange     '0.6.2',
183 silly addNameRange     '0.6.3',
183 silly addNameRange     '0.6.4',
183 silly addNameRange     '0.6.5',
183 silly addNameRange     '2.0.0' ] ]
184 silly addNamed through2@2.0.0
185 verbose addNamed "2.0.0" is a plain semver version for through2
186 silly addNameRange number 2 { name: 'convert-source-map',
186 silly addNameRange   range: '>=1.1.1 <2.0.0',
186 silly addNameRange   hasData: true }
187 silly addNameRange versions [ 'convert-source-map',
187 silly addNameRange   [ '0.1.0',
187 silly addNameRange     '0.2.0',
187 silly addNameRange     '0.2.1',
187 silly addNameRange     '0.2.2',
187 silly addNameRange     '0.2.3',
187 silly addNameRange     '0.2.4',
187 silly addNameRange     '0.2.5',
187 silly addNameRange     '0.2.6',
187 silly addNameRange     '0.3.0',
187 silly addNameRange     '0.3.1',
187 silly addNameRange     '0.3.2',
187 silly addNameRange     '0.3.3',
187 silly addNameRange     '0.3.4',
187 silly addNameRange     '0.3.5',
187 silly addNameRange     '0.4.0',
187 silly addNameRange     '0.4.1',
187 silly addNameRange     '0.5.0',
187 silly addNameRange     '0.5.1',
187 silly addNameRange     '0.6.0',
187 silly addNameRange     '0.7.0',
187 silly addNameRange     '0.7.1',
187 silly addNameRange     '1.0.0',
187 silly addNameRange     '1.1.0',
187 silly addNameRange     '1.1.1' ] ]
188 silly addNamed convert-source-map@1.1.1
189 verbose addNamed "1.1.1" is a plain semver version for convert-source-map
190 silly mapToRegistry name convert-source-map
191 silly mapToRegistry using default registry
192 silly mapToRegistry registry https://registry.npmjs.org/
193 silly mapToRegistry uri https://registry.npmjs.org/convert-source-map
194 verbose addRemoteTarball https://registry.npmjs.org/convert-source-map/-/convert-source-map-1.1.1.tgz not in flight; adding
195 verbose addRemoteTarball [ 'https://registry.npmjs.org/convert-source-map/-/convert-source-map-1.1.1.tgz',
195 verbose addRemoteTarball   '74e5182473058413b090dd73777acbc4a0fff3cc' ]
196 silly cache afterAdd through2@2.0.0
197 verbose afterAdd /Users/clarkhinchcliff/.npm/through2/2.0.0/package/package.json not in flight; writing
198 silly addNameRange number 2 { name: 'vinyl', range: '>=1.0.0 <2.0.0', hasData: true }
199 silly addNameRange versions [ 'vinyl',
199 silly addNameRange   [ '0.1.0',
199 silly addNameRange     '0.2.0',
199 silly addNameRange     '0.2.1',
199 silly addNameRange     '0.2.2',
199 silly addNameRange     '0.2.3',
199 silly addNameRange     '0.3.0',
199 silly addNameRange     '0.3.1',
199 silly addNameRange     '0.3.2',
199 silly addNameRange     '0.3.3',
199 silly addNameRange     '0.4.0',
199 silly addNameRange     '0.4.1',
199 silly addNameRange     '0.4.2',
199 silly addNameRange     '0.4.3',
199 silly addNameRange     '0.4.4',
199 silly addNameRange     '0.4.5',
199 silly addNameRange     '0.4.6',
199 silly addNameRange     '0.5.0',
199 silly addNameRange     '0.5.1',
199 silly addNameRange     '0.5.3',
199 silly addNameRange     '1.0.0' ] ]
200 silly addNamed vinyl@1.0.0
201 verbose addNamed "1.0.0" is a plain semver version for vinyl
202 info retry fetch attempt 1 at 4:44:29 PM
203 info attempt registry request try #1 at 4:44:29 PM
204 http fetch GET https://registry.npmjs.org/convert-source-map/-/convert-source-map-1.1.1.tgz
205 silly mapToRegistry name vinyl
206 silly mapToRegistry using default registry
207 silly mapToRegistry registry https://registry.npmjs.org/
208 silly mapToRegistry uri https://registry.npmjs.org/vinyl
209 verbose addRemoteTarball https://registry.npmjs.org/vinyl/-/vinyl-1.0.0.tgz not in flight; adding
210 verbose addRemoteTarball [ 'https://registry.npmjs.org/vinyl/-/vinyl-1.0.0.tgz',
210 verbose addRemoteTarball   'f35b3d9cc51b526b3edf1c14f28e03a18dbf50a1' ]
211 info retry fetch attempt 1 at 4:44:29 PM
212 info attempt registry request try #1 at 4:44:29 PM
213 http fetch GET https://registry.npmjs.org/vinyl/-/vinyl-1.0.0.tgz
214 verbose afterAdd /Users/clarkhinchcliff/.npm/through2/2.0.0/package/package.json written
215 http fetch 200 https://registry.npmjs.org/convert-source-map/-/convert-source-map-1.1.1.tgz
216 http fetch 200 https://registry.npmjs.org/vinyl/-/vinyl-1.0.0.tgz
217 silly fetchAndShaCheck shasum 74e5182473058413b090dd73777acbc4a0fff3cc
218 silly fetchAndShaCheck shasum f35b3d9cc51b526b3edf1c14f28e03a18dbf50a1
219 verbose addTmpTarball /var/folders/tm/mrc0s7pn0rn6j5mn21shn44w0000gn/T/npm-74948-41974c5b/registry.npmjs.org/convert-source-map/-/convert-source-map-1.1.1.tgz not in flight; adding
220 verbose addTmpTarball already have metadata; skipping unpack for convert-source-map@1.1.1
221 verbose addTmpTarball /var/folders/tm/mrc0s7pn0rn6j5mn21shn44w0000gn/T/npm-74948-41974c5b/registry.npmjs.org/vinyl/-/vinyl-1.0.0.tgz not in flight; adding
222 verbose addTmpTarball already have metadata; skipping unpack for vinyl@1.0.0
223 silly cache afterAdd convert-source-map@1.1.1
224 verbose afterAdd /Users/clarkhinchcliff/.npm/convert-source-map/1.1.1/package/package.json not in flight; writing
225 verbose afterAdd /Users/clarkhinchcliff/.npm/convert-source-map/1.1.1/package/package.json written
226 http 304 https://registry.npmjs.org/graceful-fs
227 silly get cb [ 304,
227 silly get   { date: 'Thu, 08 Oct 2015 23:44:29 GMT',
227 silly get     via: '1.1 varnish',
227 silly get     'cache-control': 'max-age=60',
227 silly get     etag: '"6A8OIHSAUDCCUMW7MWX3L6A9C"',
227 silly get     age: '57',
227 silly get     connection: 'keep-alive',
227 silly get     'x-served-by': 'cache-sjc3121-SJC',
227 silly get     'x-cache': 'HIT',
227 silly get     'x-cache-hits': '11',
227 silly get     'x-timer': 'S1444347869.157723,VS0,VE0',
227 silly get     vary: 'Accept' } ]
228 verbose etag https://registry.npmjs.org/graceful-fs from cache
229 verbose get saving graceful-fs to /Users/clarkhinchcliff/.npm/registry.npmjs.org/graceful-fs/.cache.json
230 silly addNameRange number 2 { name: 'graceful-fs', range: '>=4.1.2 <5.0.0', hasData: true }
231 silly addNameRange versions [ 'graceful-fs',
231 silly addNameRange   [ '1.0.0',
231 silly addNameRange     '1.0.1',
231 silly addNameRange     '1.0.2',
231 silly addNameRange     '1.1.0',
231 silly addNameRange     '1.1.1',
231 silly addNameRange     '1.1.2',
231 silly addNameRange     '1.1.3',
231 silly addNameRange     '1.1.4',
231 silly addNameRange     '1.1.5',
231 silly addNameRange     '1.1.6',
231 silly addNameRange     '1.1.7',
231 silly addNameRange     '1.1.8',
231 silly addNameRange     '1.1.9',
231 silly addNameRange     '1.1.10',
231 silly addNameRange     '1.1.11',
231 silly addNameRange     '1.1.12',
231 silly addNameRange     '1.1.13',
231 silly addNameRange     '1.1.14',
231 silly addNameRange     '1.2.0',
231 silly addNameRange     '1.2.1',
231 silly addNameRange     '1.2.2',
231 silly addNameRange     '1.2.3',
231 silly addNameRange     '2.0.0',
231 silly addNameRange     '2.0.1',
231 silly addNameRange     '2.0.2',
231 silly addNameRange     '2.0.3',
231 silly addNameRange     '3.0.0',
231 silly addNameRange     '3.0.1',
231 silly addNameRange     '3.0.2',
231 silly addNameRange     '3.0.3',
231 silly addNameRange     '3.0.4',
231 silly addNameRange     '3.0.5',
231 silly addNameRange     '3.0.6',
231 silly addNameRange     '3.0.7',
231 silly addNameRange     '3.0.8',
231 silly addNameRange     '4.1.0',
231 silly addNameRange     '4.1.1',
231 silly addNameRange     '4.1.2' ] ]
232 silly addNamed graceful-fs@4.1.2
233 verbose addNamed "4.1.2" is a plain semver version for graceful-fs
234 silly cache afterAdd graceful-fs@4.1.2
235 verbose afterAdd /Users/clarkhinchcliff/.npm/graceful-fs/4.1.2/package/package.json not in flight; writing
236 verbose afterAdd /Users/clarkhinchcliff/.npm/graceful-fs/4.1.2/package/package.json written
237 verbose about to build /Users/clarkhinchcliff/Desktop/projects/freeCodeCamp/gulper/node_modules/gulp-sourcemaps
238 verbose unlock done using /Users/clarkhinchcliff/.npm/_locks/gulp-sourcemaps-19d0f85ec6370853.lock for /Users/clarkhinchcliff/Desktop/projects/freeCodeCamp/gulper/node_modules/gulp-sourcemaps
239 verbose stack Error: EACCES: permission denied, mkdir '/Users/clarkhinchcliff/.npm/vinyl/1.0.0'
239 verbose stack     at Error (native)
240 verbose cwd /Users/clarkhinchcliff/Desktop/projects/freeCodeCamp/gulper
241 error Darwin 14.5.0
242 error argv "/usr/local/bin/node" "/usr/local/bin/npm" "install" "--save-dev" "gulp-sourcemaps"
243 error node v4.0.0
244 error npm  v2.14.3
245 error path /Users/clarkhinchcliff/.npm/vinyl/1.0.0
246 error code EACCES
247 error errno -13
248 error syscall mkdir
249 error Error: EACCES: permission denied, mkdir '/Users/clarkhinchcliff/.npm/vinyl/1.0.0'
249 error     at Error (native)
249 error  { [Error: EACCES: permission denied, mkdir '/Users/clarkhinchcliff/.npm/vinyl/1.0.0']
249 error   errno: -13,
249 error   code: 'EACCES',
249 error   syscall: 'mkdir',
249 error   path: '/Users/clarkhinchcliff/.npm/vinyl/1.0.0',
249 error   parent: 'gulp-sourcemaps' }
250 error Please try running this command again as root/Administrator.
251 verbose exit [ -13, true ]
252 verbose unbuild node_modules/gulp-sourcemaps
253 info preuninstall gulp-sourcemaps@1.6.0
254 info uninstall gulp-sourcemaps@1.6.0
255 verbose unbuild rmStuff gulp-sourcemaps@1.6.0 from /Users/clarkhinchcliff/Desktop/projects/freeCodeCamp/gulper/node_modules
256 info postuninstall gulp-sourcemaps@1.6.0
257 silly gentlyRm /Users/clarkhinchcliff/Desktop/projects/freeCodeCamp/gulper/node_modules/gulp-sourcemaps is being purged from base /Users/clarkhinchcliff/Desktop/projects/freeCodeCamp/gulper
258 verbose gentlyRm don't care about contents; nuking /Users/clarkhinchcliff/Desktop/projects/freeCodeCamp/gulper/node_modules/gulp-sourcemaps
259 silly vacuum-fs purging /Users/clarkhinchcliff/Desktop/projects/freeCodeCamp/gulper/node_modules/gulp-sourcemaps
260 silly vacuum-fs quitting because other entries in /Users/clarkhinchcliff/Desktop/projects/freeCodeCamp/gulper/node_modules
